app/build_old/outputs/logs/manifest-merger-debug-report.txt
-- Merging decision tree log ---
manifest
ADDED from src\main\AndroidManifest.xml:2:1-28:12
INJECTED from src\main\AndroidManifest.xml:2:1-28:12
INJECTED from src\main\AndroidManifest.xml:2:1-28:12
INJECTED from src\main\AndroidManifest.xml:2:1-28:12
MERGED from [androidx.constraintlayout:constraintlayout-compose-android:1.1.1] AndroidManifest.xml:2:1-7:12
MERGED from [androidx.wear.compose:compose-material-core:1.4.1] AndroidManifest.xml:2:1-7:12
MERGED from [androidx.wear.compose:compose-foundation:1.4.1] AndroidManifest.xml:17:1-28:12
MERGED from [androidx.wear.compose:compose-material:1.4.1] AndroidManifest.xml:2:1-7:12
MERGED from [androidx.media3:media3-extractor:1.7.1] AndroidManifest.xml:17:1-22:12
MERGED from [androidx.media3:media3-container:1.7.1] AndroidManifest.xml:17:1-22:12
MERGED from [androidx.media3:media3-datasource:1.7.1] AndroidManifest.xml:17:1-22:12
MERGED from [androidx.media3:media3-decoder:1.7.1] AndroidManifest.xml:17:1-22:12
MERGED from [androidx.media3:media3-database:1.7.1] AndroidManifest.xml:17:1-22:12
MERGED from [androidx.media3:media3-common:1.7.1] AndroidManifest.xml:17:1-24:12
MERGED from [androidx.media3:media3-exoplayer:1.7.1] AndroidManifest.xml:17:1-24:12
MERGED from [com.google.android.exoplayer:exoplayer:2.19.1] AndroidManifest.xml:17:1-24:12
MERGED from [com.google.android.exoplayer:exoplayer-dash:2.19.1] AndroidManifest.xml:17:1-24:12
MERGED from [com.google.android.exoplayer:exoplayer-hls:2.19.1] AndroidManifest.xml:17:1-24:12
MERGED from [com.google.android.exoplayer:exoplayer-rtsp:2.19.1] AndroidManifest.xml:17:1-24:12
MERGED from [com.google.android.exoplayer:exoplayer-smoothstreaming:2.19.1] AndroidManifest.xml:17:1-24:12
MERGED from [com.google.android.exoplayer:exoplayer-core:2.19.1] AndroidManifest.xml:17:1-26:12
MERGED from [androidx.compose.material3:material3-android:1.3.2] AndroidManifest.xml:17:1-22:12
MERGED from [io.coil-kt:coil-compose:2.7.0] AndroidManifest.xml:2:1-7:12
MERGED from [io.coil-kt:coil-compose-base:2.7.0] AndroidManifest.xml:2:1-7:12
MERGED from [androidx.compose.material:material-android:1.8.3] AndroidManifest.xml:2:1-7:12
MERGED from [androidx.compose.material:material-ripple-android:1.8.3] AndroidManifest.xml:2:1-7:12
MERGED from [androidx.compose.foundation:foundation-android:1.8.3] AndroidManifest.xml:2:1-7:12
MERGED from [androidx.compose.animation:animation-core-android:1.8.3] AndroidManifest.xml:2:1-7:12
MERGED from [androidx.compose.animation:animation-android:1.8.3] AndroidManifest.xml:2:1-7:12
MERGED from [androidx.compose.foundation:foundation-layout-android:1.8.3] AndroidManifest.xml:2:1-7:12
MERGED from [androidx.compose.ui:ui-tooling-data-android:1.8.3] AndroidManifest.xml:2:1-7:12
MERGED from [androidx.compose.ui:ui-geometry-android:1.8.3] AndroidManifest.xml:2:1-7:12
MERGED from [androidx.compose.ui:ui-text-android:1.8.3] AndroidManifest.xml:2:1-7:12
MERGED from [androidx.compose.ui:ui-util-android:1.8.3] AndroidManifest.xml:2:1-7:12
MERGED from [androidx.compose.ui:ui-unit-android:1.8.3] AndroidManifest.xml:2:1-7:12
MERGED from [androidx.compose.ui:ui-tooling-preview-android:1.8.3] AndroidManifest.xml:17:1-22:12
MERGED from [androidx.compose.ui:ui-tooling-android:1.8.3] AndroidManifest.xml:17:1-28:12
MERGED from [androidx.compose.ui:ui-graphics-android:1.8.3] AndroidManifest.xml:2:1-7:12
MERGED from [com.google.android.exoplayer:exoplayer-ui:2.19.1] AndroidManifest.xml:17:1-24:12
MERGED from [androidx.recyclerview:recyclerview:1.3.0] AndroidManifest.xml:17:1-22:12
MERGED from [androidx.media:media:1.6.0] AndroidManifest.xml:17:1-24:12
MERGED from [io.coil-kt:coil:2.7.0] AndroidManifest.xml:2:1-7:12
MERGED from [io.coil-kt:coil-base:2.7.0] AndroidManifest.xml:2:1-7:12
MERGED from [androidx.appcompat:appcompat-resources:1.6.1] AndroidManifest.xml:17:1-22:12
MERGED from [androidx.autofill:autofill:1.0.0] AndroidManifest.xml:17:1-24:12
MERGED from [androidx.graphics:graphics-path:1.0.1] AndroidManifest.xml:2:1-7:12
MERGED from [androidx.emoji2:emoji2:1.4.0] AndroidManifest.xml:17:1-35:12
MERGED from [androidx.customview:customview:1.0.0] AndroidManifest.xml:17:1-22:12
MERGED from [androidx.vectordrawable:vectordrawable-animated:1.1.0] AndroidManifest.xml:17:1-24:12
MERGED from [androidx.vectordrawable:vectordrawable:1.1.0] AndroidManifest.xml:17:1-24:12
MERGED from [androidx.core:core:1.16.0] AndroidManifest.xml:17:1-30:12
MERGED from [androidx.lifecycle:lifecycle-livedata-core:2.9.2] AndroidManifest.xml:17:1-22:12
MERGED from [androidx.lifecycle:lifecycle-process:2.9.2] AndroidManifest.xml:17:1-35:12
MERGED from [androidx.lifecycle:lifecycle-viewmodel-savedstate-android:2.9.2] AndroidManifest.xml:17:1-22:12
MERGED from [androidx.lifecycle:lifecycle-runtime-compose-android:2.9.2] AndroidManifest.xml:2:1-7:12
MERGED from [androidx.lifecycle:lifecycle-viewmodel-android:2.9.2] AndroidManifest.xml:17:1-22:12
MERGED from [androidx.savedstate:savedstate-ktx:1.3.1] AndroidManifest.xml:2:1-7:12
MERGED from [androidx.savedstate:savedstate-android:1.3.1] AndroidManifest.xml:17:1-22:12
MERGED from [androidx.lifecycle:lifecycle-runtime-android:2.9.2] AndroidManifest.xml:17:1-22:12
MERGED from [androidx.lifecycle:lifecycle-viewmodel-ktx:2.9.2] AndroidManifest.xml:2:1-7:12
MERGED from [androidx.lifecycle:lifecycle-runtime-ktx-android:2.9.2] AndroidManifest.xml:2:1-7:12
MERGED from [androidx.lifecycle:lifecycle-viewmodel-compose-android:2.9.2] AndroidManifest.xml:2:1-7:12
MERGED from [androidx.compose.material:material-icons-extended-android:1.7.8] AndroidManifest.xml:2:1-7:12
MERGED from [androidx.compose.material:material-icons-core-android:1.7.8] AndroidManifest.xml:2:1-7:12
MERGED from [com.google.accompanist:accompanist-drawablepainter:0.32.0] AndroidManifest.xml:17:1-23:12
MERGED from [androidx.compose.ui:ui-android:1.8.3] AndroidManifest.xml:2:1-7:12
MERGED from [androidx.compose.ui:ui-test-manifest:1.8.3] AndroidManifest.xml:17:1-29:12
MERGED from [androidx.activity:activity:1.10.1] AndroidManifest.xml:17:1-22:12
MERGED from [androidx.activity:activity-ktx:1.10.1] AndroidManifest.xml:2:1-7:12
MERGED from [androidx.activity:activity-compose:1.10.1] AndroidManifest.xml:2:1-7:12
MERGED from [androidx.customview:customview-poolingcontainer:1.0.0] AndroidManifest.xml:17:1-23:12
MERGED from [androidx.core:core-ktx:1.16.0] AndroidManifest.xml:2:1-7:12
MERGED from [androidx.compose.runtime:runtime-saveable-android:1.8.3] AndroidManifest.xml:2:1-7:12
MERGED from [androidx.compose.runtime:runtime-android:1.8.3] AndroidManifest.xml:2:1-7:12
MERGED from [androidx.annotation:annotation-experimental:1.4.1] AndroidManifest.xml:2:1-7:12
MERGED from [androidx.core:core-viewtree:1.0.0] AndroidManifest.xml:2:1-7:12
MERGED from [com.google.android.exoplayer:exoplayer-datasource:2.19.1] AndroidManifest.xml:17:1-24:12
MERGED from [com.google.android.exoplayer:exoplayer-database:2.19.1] AndroidManifest.xml:17:1-24:12
MERGED from [com.google.android.exoplayer:exoplayer-extractor:2.19.1] AndroidManifest.xml:17:1-24:12
MERGED from [com.google.android.exoplayer:exoplayer-decoder:2.19.1] AndroidManifest.xml:17:1-24:12
MERGED from [com.google.android.exoplayer:exoplayer-container:2.19.1] AndroidManifest.xml:17:1-24:12
MERGED from [com.google.android.exoplayer:exoplayer-common:2.19.1] AndroidManifest.xml:17:1-26:12
MERGED from [androidx.interpolator:interpolator:1.0.0] AndroidManifest.xml:17:1-22:12
MERGED from [androidx.profileinstaller:profileinstaller:1.4.0] AndroidManifest.xml:17:1-55:12
MERGED from [androidx.startup:startup-runtime:1.1.1] AndroidManifest.xml:17:1-33:12
MERGED from [androidx.tracing:tracing:1.2.0] AndroidManifest.xml:17:1-22:12
MERGED from [androidx.versionedparcelable:versionedparcelable:1.1.1] AndroidManifest.xml:17:1-27:12
MERGED from [androidx.exifinterface:exifinterface:1.3.7] AndroidManifest.xml:17:1-24:12
MERGED from [androidx.arch.core:core-runtime:2.2.0] AndroidManifest.xml:17:1-22:12
	package
		INJECTED from src\main\AndroidManifest.xml
	android:versionName
		INJECTED from src\main\AndroidManifest.xml
	xmlns:tools
		ADDED from src\main\AndroidManifest.xml:3:5-51
	android:versionCode
		INJECTED from src\main\AndroidManifest.xml
	xmlns:android
		ADDED from src\main\AndroidManifest.xml:2:11-69
application
ADDED from src\main\AndroidManifest.xml:4:5-26:19
INJECTED from src\main\AndroidManifest.xml:4:5-26:19
MERGED from [androidx.wear.compose:compose-foundation:1.4.1] AndroidManifest.xml:22:5-26:19
MERGED from [androidx.wear.compose:compose-foundation:1.4.1] AndroidManifest.xml:22:5-26:19
MERGED from [androidx.compose.ui:ui-tooling-android:1.8.3] AndroidManifest.xml:22:5-26:19
MERGED from [androidx.compose.ui:ui-tooling-android:1.8.3] AndroidManifest.xml:22:5-26:19
MERGED from [androidx.emoji2:emoji2:1.4.0] AndroidManifest.xml:23:5-33:19
MERGED from [androidx.emoji2:emoji2:1.4.0] AndroidManifest.xml:23:5-33:19
MERGED from [androidx.core:core:1.16.0] AndroidManifest.xml:28:5-89
MERGED from [androidx.core:core:1.16.0] AndroidManifest.xml:28:5-89
MERGED from [androidx.lifecycle:lifecycle-process:2.9.2] AndroidManifest.xml:23:5-33:19
MERGED from [androidx.lifecycle:lifecycle-process:2.9.2] AndroidManifest.xml:23:5-33:19
MERGED from [androidx.compose.ui:ui-test-manifest:1.8.3] AndroidManifest.xml:22:5-27:19
MERGED from [androidx.compose.ui:ui-test-manifest:1.8.3] AndroidManifest.xml:22:5-27:19
MERGED from [androidx.profileinstaller:profileinstaller:1.4.0] AndroidManifest.xml:23:5-53:19
MERGED from [androidx.profileinstaller:profileinstaller:1.4.0] AndroidManifest.xml:23:5-53:19
MERGED from [androidx.startup:startup-runtime:1.1.1] AndroidManifest.xml:25:5-31:19
MERGED from [androidx.startup:startup-runtime:1.1.1] AndroidManifest.xml:25:5-31:19
MERGED from [androidx.versionedparcelable:versionedparcelable:1.1.1] AndroidManifest.xml:24:5-25:19
MERGED from [androidx.versionedparcelable:versionedparcelable:1.1.1] AndroidManifest.xml:24:5-25:19
	android:extractNativeLibs
		INJECTED from src\main\AndroidManifest.xml
	android:appComponentFactory
		ADDED from [androidx.core:core:1.16.0] AndroidManifest.xml:28:18-86
	android:supportsRtl
		ADDED from src\main\AndroidManifest.xml:11:9-35
	android:label
		ADDED from src\main\AndroidManifest.xml:9:9-41
	android:fullBackupContent
		ADDED from src\main\AndroidManifest.xml:7:9-54
	android:roundIcon
		ADDED from src\main\AndroidManifest.xml:10:9-54
	android:icon
		ADDED from src\main\AndroidManifest.xml:8:9-43
	android:allowBackup
		ADDED from src\main\AndroidManifest.xml:5:9-35
	android:theme
		ADDED from src\main\AndroidManifest.xml:12:9-45
	android:dataExtractionRules
		ADDED from src\main\AndroidManifest.xml:6:9-65
	android:usesCleartextTraffic
		ADDED from src\main\AndroidManifest.xml:13:9-44
activity#com.example.neotune.MainActivity
ADDED from src\main\AndroidManifest.xml:15:9-25:20
	android:label
		ADDED from src\main\AndroidManifest.xml:18:13-45
	android:exported
		ADDED from src\main\AndroidManifest.xml:17:13-36
	android:theme
		ADDED from src\main\AndroidManifest.xml:19:13-49
	android:name
		ADDED from src\main\AndroidManifest.xml:16:13-41
intent-filter#action:name:android.intent.action.MAIN+category:name:android.intent.category.LAUNCHER
ADDED from src\main\AndroidManifest.xml:20:13-24:29
action#android.intent.action.MAIN
ADDED from src\main\AndroidManifest.xml:21:17-69
	android:name
		ADDED from src\main\AndroidManifest.xml:21:25-66
category#android.intent.category.LAUNCHER
ADDED from src\main\AndroidManifest.xml:23:17-77
	android:name
		ADDED from src\main\AndroidManifest.xml:23:27-74
uses-permission#android.permission.INTERNET
ADDED from src\main\AndroidManifest.xml:27:5-67
	android:name
		ADDED from src\main\AndroidManifest.xml:27:22-64
uses-sdk
INJECTED from src\main\AndroidManifest.xml reason: use-sdk injection requested
INJECTED from src\main\AndroidManifest.xml
INJECTED from src\main\AndroidManifest.xml
MERGED from [androidx.constraintlayout:constraintlayout-compose-android:1.1.1] AndroidManifest.xml:5:5-44
MERGED from [androidx.constraintlayout:constraintlayout-compose-android:1.1.1] AndroidManifest.xml:5:5-44
MERGED from [androidx.wear.compose:compose-material-core:1.4.1] AndroidManifest.xml:5:5-44
MERGED from [androidx.wear.compose:compose-material-core:1.4.1] AndroidManifest.xml:5:5-44
MERGED from [androidx.wear.compose:compose-foundation:1.4.1] AndroidManifest.xml:20:5-44
MERGED from [androidx.wear.compose:compose-foundation:1.4.1] AndroidManifest.xml:20:5-44
MERGED from [androidx.wear.compose:compose-material:1.4.1] AndroidManifest.xml:5:5-44
MERGED from [androidx.wear.compose:compose-material:1.4.1] AndroidManifest.xml:5:5-44
MERGED from [androidx.media3:media3-extractor:1.7.1] AndroidManifest.xml:20:5-44
MERGED from [androidx.media3:media3-extractor:1.7.1] AndroidManifest.xml:20:5-44
MERGED from [androidx.media3:media3-container:1.7.1] AndroidManifest.xml:20:5-44
MERGED from [androidx.media3:media3-container:1.7.1] AndroidManifest.xml:20:5-44
MERGED from [androidx.media3:media3-datasource:1.7.1] AndroidManifest.xml:20:5-44
MERGED from [androidx.media3:media3-datasource:1.7.1] AndroidManifest.xml:20:5-44
MERGED from [androidx.media3:media3-decoder:1.7.1] AndroidManifest.xml:20:5-44
MERGED from [androidx.media3:media3-decoder:1.7.1] AndroidManifest.xml:20:5-44
MERGED from [androidx.media3:media3-database:1.7.1] AndroidManifest.xml:20:5-44
MERGED from [androidx.media3:media3-database:1.7.1] AndroidManifest.xml:20:5-44
MERGED from [androidx.media3:media3-common:1.7.1] AndroidManifest.xml:20:5-44
MERGED from [androidx.media3:media3-common:1.7.1] AndroidManifest.xml:20:5-44
MERGED from [androidx.media3:media3-exoplayer:1.7.1] AndroidManifest.xml:20:5-44
MERGED from [androidx.media3:media3-exoplayer:1.7.1] AndroidManifest.xml:20:5-44
MERGED from [com.google.android.exoplayer:exoplayer:2.19.1] AndroidManifest.xml:20:5-22:41
MERGED from [com.google.android.exoplayer:exoplayer:2.19.1] AndroidManifest.xml:20:5-22:41
MERGED from [com.google.android.exoplayer:exoplayer-dash:2.19.1] AndroidManifest.xml:20:5-22:41
MERGED from [com.google.android.exoplayer:exoplayer-dash:2.19.1] AndroidManifest.xml:20:5-22:41
MERGED from [com.google.android.exoplayer:exoplayer-hls:2.19.1] AndroidManifest.xml:20:5-22:41
MERGED from [com.google.android.exoplayer:exoplayer-hls:2.19.1] AndroidManifest.xml:20:5-22:41
MERGED from [com.google.android.exoplayer:exoplayer-rtsp:2.19.1] AndroidManifest.xml:20:5-22:41
MERGED from [com.google.android.exoplayer:exoplayer-rtsp:2.19.1] AndroidManifest.xml:20:5-22:41
MERGED from [com.google.android.exoplayer:exoplayer-smoothstreaming:2.19.1] AndroidManifest.xml:20:5-22:41
MERGED from [com.google.android.exoplayer:exoplayer-smoothstreaming:2.19.1] AndroidManifest.xml:20:5-22:41
MERGED from [com.google.android.exoplayer:exoplayer-core:2.19.1] AndroidManifest.xml:20:5-22:41
MERGED from [com.google.android.exoplayer:exoplayer-core:2.19.1] AndroidManifest.xml:20:5-22:41
MERGED from [androidx.compose.material3:material3-android:1.3.2] AndroidManifest.xml:20:5-44
MERGED from [androidx.compose.material3:material3-android:1.3.2] AndroidManifest.xml:20:5-44
MERGED from [io.coil-kt:coil-compose:2.7.0] AndroidManifest.xml:5:5-44
MERGED from [io.coil-kt:coil-compose:2.7.0] AndroidManifest.xml:5:5-44
MERGED from [io.coil-kt:coil-compose-base:2.7.0] AndroidManifest.xml:5:5-44
MERGED from [io.coil-kt:coil-compose-base:2.7.0] AndroidManifest.xml:5:5-44
MERGED from [androidx.compose.material:material-android:1.8.3] AndroidManifest.xml:5:5-44
MERGED from [androidx.compose.material:material-android:1.8.3] AndroidManifest.xml:5:5-44
MERGED from [androidx.compose.material:material-ripple-android:1.8.3] AndroidManifest.xml:5:5-44
MERGED from [androidx.compose.material:material-ripple-android:1.8.3] AndroidManifest.xml:5:5-44
MERGED from [androidx.compose.foundation:foundation-android:1.8.3] AndroidManifest.xml:5:5-44
MERGED from [androidx.compose.foundation:foundation-android:1.8.3] AndroidManifest.xml:5:5-44
MERGED from [androidx.compose.animation:animation-core-android:1.8.3] AndroidManifest.xml:5:5-44
MERGED from [androidx.compose.animation:animation-core-android:1.8.3] AndroidManifest.xml:5:5-44
MERGED from [androidx.compose.animation:animation-android:1.8.3] AndroidManifest.xml:5:5-44
MERGED from [androidx.compose.animation:animation-android:1.8.3] AndroidManifest.xml:5:5-44
MERGED from [androidx.compose.foundation:foundation-layout-android:1.8.3] AndroidManifest.xml:5:5-44
MERGED from [androidx.compose.foundation:foundation-layout-android:1.8.3] AndroidManifest.xml:5:5-44
MERGED from [androidx.compose.ui:ui-tooling-data-android:1.8.3] AndroidManifest.xml:5:5-44
MERGED from [androidx.compose.ui:ui-tooling-data-android:1.8.3] AndroidManifest.xml:5:5-44
MERGED from [androidx.compose.ui:ui-geometry-android:1.8.3] AndroidManifest.xml:5:5-44
MERGED from [androidx.compose.ui:ui-geometry-android:1.8.3] AndroidManifest.xml:5:5-44
MERGED from [androidx.compose.ui:ui-text-android:1.8.3] AndroidManifest.xml:5:5-44
MERGED from [androidx.compose.ui:ui-text-android:1.8.3] AndroidManifest.xml:5:5-44
MERGED from [androidx.compose.ui:ui-util-android:1.8.3] AndroidManifest.xml:5:5-44
MERGED from [androidx.compose.ui:ui-util-android:1.8.3] AndroidManifest.xml:5:5-44
MERGED from [androidx.compose.ui:ui-unit-android:1.8.3] AndroidManifest.xml:5:5-44
MERGED from [androidx.compose.ui:ui-unit-android:1.8.3] AndroidManifest.xml:5:5-44
MERGED from [androidx.compose.ui:ui-tooling-preview-android:1.8.3] AndroidManifest.xml:20:5-44
MERGED from [androidx.compose.ui:ui-tooling-preview-android:1.8.3] AndroidManifest.xml:20:5-44
MERGED from [androidx.compose.ui:ui-tooling-android:1.8.3] AndroidManifest.xml:20:5-44
MERGED from [androidx.compose.ui:ui-tooling-android:1.8.3] AndroidManifest.xml:20:5-44
MERGED from [androidx.compose.ui:ui-graphics-android:1.8.3] AndroidManifest.xml:5:5-44
MERGED from [androidx.compose.ui:ui-graphics-android:1.8.3] AndroidManifest.xml:5:5-44
MERGED from [com.google.android.exoplayer:exoplayer-ui:2.19.1] AndroidManifest.xml:20:5-22:41
MERGED from [com.google.android.exoplayer:exoplayer-ui:2.19.1] AndroidManifest.xml:20:5-22:41
MERGED from [androidx.recyclerview:recyclerview:1.3.0] AndroidManifest.xml:20:5-44
MERGED from [androidx.recyclerview:recyclerview:1.3.0] AndroidManifest.xml:20:5-44
MERGED from [androidx.media:media:1.6.0] AndroidManifest.xml:20:5-22:41
MERGED from [androidx.media:media:1.6.0] AndroidManifest.xml:20:5-22:41
MERGED from [io.coil-kt:coil:2.7.0] AndroidManifest.xml:5:5-44
MERGED from [io.coil-kt:coil:2.7.0] AndroidManifest.xml:5:5-44
MERGED from [io.coil-kt:coil-base:2.7.0] AndroidManifest.xml:5:5-44
MERGED from [io.coil-kt:coil-base:2.7.0] AndroidManifest.xml:5:5-44
MERGED from [androidx.appcompat:appcompat-resources:1.6.1] AndroidManifest.xml:20:5-44
MERGED from [androidx.appcompat:appcompat-resources:1.6.1] AndroidManifest.xml:20:5-44
MERGED from [androidx.autofill:autofill:1.0.0] AndroidManifest.xml:20:5-22:41
MERGED from [androidx.autofill:autofill:1.0.0] AndroidManifest.xml:20:5-22:41
MERGED from [androidx.graphics:graphics-path:1.0.1] AndroidManifest.xml:5:5-44
MERGED from [androidx.graphics:graphics-path:1.0.1] AndroidManifest.xml:5:5-44
MERGED from [androidx.emoji2:emoji2:1.4.0] AndroidManifest.xml:21:5-44
MERGED from [androidx.emoji2:emoji2:1.4.0] AndroidManifest.xml:21:5-44
MERGED from [androidx.customview:customview:1.0.0] AndroidManifest.xml:20:5-44
MERGED from [androidx.customview:customview:1.0.0] AndroidManifest.xml:20:5-44
MERGED from [androidx.vectordrawable:vectordrawable-animated:1.1.0] AndroidManifest.xml:20:5-22:41
MERGED from [androidx.vectordrawable:vectordrawable-animated:1.1.0] AndroidManifest.xml:20:5-22:41
MERGED from [androidx.vectordrawable:vectordrawable:1.1.0] AndroidManifest.xml:20:5-22:41
MERGED from [androidx.vectordrawable:vectordrawable:1.1.0] AndroidManifest.xml:20:5-22:41
MERGED from [androidx.core:core:1.16.0] AndroidManifest.xml:20:5-44
MERGED from [androidx.core:core:1.16.0] AndroidManifest.xml:20:5-44
MERGED from [androidx.lifecycle:lifecycle-livedata-core:2.9.2] AndroidManifest.xml:20:5-44
MERGED from [androidx.lifecycle:lifecycle-livedata-core:2.9.2] AndroidManifest.xml:20:5-44
MERGED from [androidx.lifecycle:lifecycle-process:2.9.2] AndroidManifest.xml:21:5-44
MERGED from [androidx.lifecycle:lifecycle-process:2.9.2] AndroidManifest.xml:21:5-44
MERGED from [androidx.lifecycle:lifecycle-viewmodel-savedstate-android:2.9.2] AndroidManifest.xml:20:5-44
MERGED from [androidx.lifecycle:lifecycle-viewmodel-savedstate-android:2.9.2] AndroidManifest.xml:20:5-44
MERGED from [androidx.lifecycle:lifecycle-runtime-compose-android:2.9.2] AndroidManifest.xml:5:5-44
MERGED from [androidx.lifecycle:lifecycle-runtime-compose-android:2.9.2] AndroidManifest.xml:5:5-44
MERGED from [androidx.lifecycle:lifecycle-viewmodel-android:2.9.2] AndroidManifest.xml:20:5-44
MERGED from [androidx.lifecycle:lifecycle-viewmodel-android:2.9.2] AndroidManifest.xml:20:5-44
MERGED from [androidx.savedstate:savedstate-ktx:1.3.1] AndroidManifest.xml:5:5-44
MERGED from [androidx.savedstate:savedstate-ktx:1.3.1] AndroidManifest.xml:5:5-44
MERGED from [androidx.savedstate:savedstate-android:1.3.1] AndroidManifest.xml:20:5-44
MERGED from [androidx.savedstate:savedstate-android:1.3.1] AndroidManifest.xml:20:5-44
MERGED from [androidx.lifecycle:lifecycle-runtime-android:2.9.2] AndroidManifest.xml:20:5-44
MERGED from [androidx.lifecycle:lifecycle-runtime-android:2.9.2] AndroidManifest.xml:20:5-44
MERGED from [androidx.lifecycle:lifecycle-viewmodel-ktx:2.9.2] AndroidManifest.xml:5:5-44
MERGED from [androidx.lifecycle:lifecycle-viewmodel-ktx:2.9.2] AndroidManifest.xml:5:5-44
MERGED from [androidx.lifecycle:lifecycle-runtime-ktx-android:2.9.2] AndroidManifest.xml:5:5-44
MERGED from [androidx.lifecycle:lifecycle-runtime-ktx-android:2.9.2] AndroidManifest.xml:5:5-44
MERGED from [androidx.lifecycle:lifecycle-viewmodel-compose-android:2.9.2] AndroidManifest.xml:5:5-44
MERGED from [androidx.lifecycle:lifecycle-viewmodel-compose-android:2.9.2] AndroidManifest.xml:5:5-44
MERGED from [androidx.compose.material:material-icons-extended-android:1.7.8] AndroidManifest.xml:5:5-44
MERGED from [androidx.compose.material:material-icons-extended-android:1.7.8] AndroidManifest.xml:5:5-44
MERGED from [androidx.compose.material:material-icons-core-android:1.7.8] AndroidManifest.xml:5:5-44
MERGED from [androidx.compose.material:material-icons-core-android:1.7.8] AndroidManifest.xml:5:5-44
MERGED from [com.google.accompanist:accompanist-drawablepainter:0.32.0] AndroidManifest.xml:21:5-44
MERGED from [com.google.accompanist:accompanist-drawablepainter:0.32.0] AndroidManifest.xml:21:5-44
MERGED from [androidx.compose.ui:ui-android:1.8.3] AndroidManifest.xml:5:5-44
MERGED from [androidx.compose.ui:ui-android:1.8.3] AndroidManifest.xml:5:5-44
MERGED from [androidx.compose.ui:ui-test-manifest:1.8.3] AndroidManifest.xml:20:5-44
MERGED from [androidx.compose.ui:ui-test-manifest:1.8.3] AndroidManifest.xml:20:5-44
MERGED from [androidx.activity:activity:1.10.1] AndroidManifest.xml:20:5-44
MERGED from [androidx.activity:activity:1.10.1] AndroidManifest.xml:20:5-44
MERGED from [androidx.activity:activity-ktx:1.10.1] AndroidManifest.xml:5:5-44
MERGED from [androidx.activity:activity-ktx:1.10.1] AndroidManifest.xml:5:5-44
MERGED from [androidx.activity:activity-compose:1.10.1] AndroidManifest.xml:5:5-44
MERGED from [androidx.activity:activity-compose:1.10.1] AndroidManifest.xml:5:5-44
MERGED from [androidx.customview:customview-poolingcontainer:1.0.0] AndroidManifest.xml:20:5-21:38
MERGED from [androidx.customview:customview-poolingcontainer:1.0.0] AndroidManifest.xml:20:5-21:38
MERGED from [androidx.core:core-ktx:1.16.0] AndroidManifest.xml:5:5-44
MERGED from [androidx.core:core-ktx:1.16.0] AndroidManifest.xml:5:5-44
MERGED from [androidx.compose.runtime:runtime-saveable-android:1.8.3] AndroidManifest.xml:5:5-44
MERGED from [androidx.compose.runtime:runtime-saveable-android:1.8.3] AndroidManifest.xml:5:5-44
MERGED from [androidx.compose.runtime:runtime-android:1.8.3] AndroidManifest.xml:5:5-44
MERGED from [androidx.compose.runtime:runtime-android:1.8.3] AndroidManifest.xml:5:5-44
MERGED from [androidx.annotation:annotation-experimental:1.4.1] AndroidManifest.xml:5:5-44
MERGED from [androidx.annotation:annotation-experimental:1.4.1] AndroidManifest.xml:5:5-44
MERGED from [androidx.core:core-viewtree:1.0.0] AndroidManifest.xml:5:5-44
MERGED from [androidx.core:core-viewtree:1.0.0] AndroidManifest.xml:5:5-44
MERGED from [com.google.android.exoplayer:exoplayer-datasource:2.19.1] AndroidManifest.xml:20:5-22:41
MERGED from [com.google.android.exoplayer:exoplayer-datasource:2.19.1] AndroidManifest.xml:20:5-22:41
MERGED from [com.google.android.exoplayer:exoplayer-database:2.19.1] AndroidManifest.xml:20:5-22:41
MERGED from [com.google.android.exoplayer:exoplayer-database:2.19.1] AndroidManifest.xml:20:5-22:41
MERGED from [com.google.android.exoplayer:exoplayer-extractor:2.19.1] AndroidManifest.xml:20:5-22:41
MERGED from [com.google.android.exoplayer:exoplayer-extractor:2.19.1] AndroidManifest.xml:20:5-22:41
MERGED from [com.google.android.exoplayer:exoplayer-decoder:2.19.1] AndroidManifest.xml:20:5-22:41
MERGED from [com.google.android.exoplayer:exoplayer-decoder:2.19.1] AndroidManifest.xml:20:5-22:41
MERGED from [com.google.android.exoplayer:exoplayer-container:2.19.1] AndroidManifest.xml:20:5-22:41
MERGED from [com.google.android.exoplayer:exoplayer-container:2.19.1] AndroidManifest.xml:20:5-22:41
MERGED from [com.google.android.exoplayer:exoplayer-common:2.19.1] AndroidManifest.xml:20:5-22:41
MERGED from [com.google.android.exoplayer:exoplayer-common:2.19.1] AndroidManifest.xml:20:5-22:41
MERGED from [androidx.interpolator:interpolator:1.0.0] AndroidManifest.xml:20:5-44
MERGED from [androidx.interpolator:interpolator:1.0.0] AndroidManifest.xml:20:5-44
MERGED from [androidx.profileinstaller:profileinstaller:1.4.0] AndroidManifest.xml:21:5-44
MERGED from [androidx.profileinstaller:profileinstaller:1.4.0] AndroidManifest.xml:21:5-44
MERGED from [androidx.startup:startup-runtime:1.1.1] AndroidManifest.xml:21:5-23:41
MERGED from [androidx.startup:startup-runtime:1.1.1] AndroidManifest.xml:21:5-23:41
MERGED from [androidx.tracing:tracing:1.2.0] AndroidManifest.xml:20:5-44
MERGED from [androidx.tracing:tracing:1.2.0] AndroidManifest.xml:20:5-44
MERGED from [androidx.versionedparcelable:versionedparcelable:1.1.1] AndroidManifest.xml:20:5-22:41
MERGED from [androidx.versionedparcelable:versionedparcelable:1.1.1] AndroidManifest.xml:20:5-22:41
MERGED from [androidx.exifinterface:exifinterface:1.3.7] AndroidManifest.xml:20:5-22:41
MERGED from [androidx.exifinterface:exifinterface:1.3.7] AndroidManifest.xml:20:5-22:41
MERGED from [androidx.arch.core:core-runtime:2.2.0] AndroidManifest.xml:20:5-44
MERGED from [androidx.arch.core:core-runtime:2.2.0] AndroidManifest.xml:20:5-44
	android:targetSdkVersion
		INJECTED from src\main\AndroidManifest.xml
	android:minSdkVersion
		INJECTED from src\main\AndroidManifest.xml
uses-library#wear-sdk
ADDED from [androidx.wear.compose:compose-foundation:1.4.1] AndroidManifest.xml:23:9-25:40
	android:required
		ADDED from [androidx.wear.compose:compose-foundation:1.4.1] AndroidManifest.xml:25:13-37
	android:name
		ADDED from [androidx.wear.compose:compose-foundation:1.4.1] AndroidManifest.xml:24:13-36
uses-permission#android.permission.ACCESS_NETWORK_STATE
ADDED from [androidx.media3:media3-common:1.7.1] AndroidManifest.xml:22:5-79
MERGED from [androidx.media3:media3-exoplayer:1.7.1] AndroidManifest.xml:22:5-79
MERGED from [androidx.media3:media3-exoplayer:1.7.1] AndroidManifest.xml:22:5-79
MERGED from [com.google.android.exoplayer:exoplayer-core:2.19.1] AndroidManifest.xml:24:5-79
MERGED from [com.google.android.exoplayer:exoplayer-core:2.19.1] AndroidManifest.xml:24:5-79
MERGED from [com.google.android.exoplayer:exoplayer-common:2.19.1] AndroidManifest.xml:24:5-79
MERGED from [com.google.android.exoplayer:exoplayer-common:2.19.1] AndroidManifest.xml:24:5-79
	android:name
		ADDED from [androidx.media3:media3-common:1.7.1] AndroidManifest.xml:22:22-76
activity#androidx.compose.ui.tooling.PreviewActivity
ADDED from [androidx.compose.ui:ui-tooling-android:1.8.3] AndroidManifest.xml:23:9-25:39
	android:exported
		ADDED from [androidx.compose.ui:ui-tooling-android:1.8.3] AndroidManifest.xml:25:13-36
	android:name
		ADDED from [androidx.compose.ui:ui-tooling-android:1.8.3] AndroidManifest.xml:24:13-71
provider#androidx.startup.InitializationProvider
ADDED from [androidx.emoji2:emoji2:1.4.0] AndroidManifest.xml:24:9-32:20
MERGED from [androidx.lifecycle:lifecycle-process:2.9.2] AndroidManifest.xml:24:9-32:20
MERGED from [androidx.lifecycle:lifecycle-process:2.9.2] AndroidManifest.xml:24:9-32:20
MERGED from [androidx.profileinstaller:profileinstaller:1.4.0] AndroidManifest.xml:24:9-32:20
MERGED from [androidx.profileinstaller:profileinstaller:1.4.0] AndroidManifest.xml:24:9-32:20
MERGED from [androidx.startup:startup-runtime:1.1.1] AndroidManifest.xml:26:9-30:34
MERGED from [androidx.startup:startup-runtime:1.1.1] AndroidManifest.xml:26:9-30:34
	tools:node
		ADDED from [androidx.emoji2:emoji2:1.4.0] AndroidManifest.xml:28:13-31
	android:authorities
		ADDED from [androidx.emoji2:emoji2:1.4.0] AndroidManifest.xml:26:13-68
	android:exported
		ADDED from [androidx.emoji2:emoji2:1.4.0] AndroidManifest.xml:27:13-37
	android:name
		ADDED from [androidx.emoji2:emoji2:1.4.0] AndroidManifest.xml:25:13-67
meta-data#androidx.emoji2.text.EmojiCompatInitializer
ADDED from [androidx.emoji2:emoji2:1.4.0] AndroidManifest.xml:29:13-31:52
	android:value
		ADDED from [androidx.emoji2:emoji2:1.4.0] AndroidManifest.xml:31:17-49
	android:name
		ADDED from [androidx.emoji2:emoji2:1.4.0] AndroidManifest.xml:30:17-75
permission#${applicationId}.DYNAMIC_RECEIVER_NOT_EXPORTED_PERMISSION
ADDED from [androidx.core:core:1.16.0] AndroidManifest.xml:22:5-24:47
	android:protectionLevel
		ADDED from [androidx.core:core:1.16.0] AndroidManifest.xml:24:9-44